Determining if the pthread_create exist failed with the following output:
Change Dir: /home/xcy/MYNT-EYE-OKVIS-Sample/cmake-build-debug/CMakeFiles/CMakeTmp

Run Build Command:"/usr/bin/make" "cmTC_385dc/fast"
/usr/bin/make -f CMakeFiles/cmTC_385dc.dir/build.make CMakeFiles/cmTC_385dc.dir/build
make[1]: Entering directory '/home/xcy/MYNT-EYE-OKVIS-Sample/cmake-build-debug/CMakeFiles/CMakeTmp'
Building C object CMakeFiles/cmTC_385dc.dir/CheckSymbolExists.c.o
/usr/bin/cc    -o CMakeFiles/cmTC_385dc.dir/CheckSymbolExists.c.o   -c /home/xcy/MYNT-EYE-OKVIS-Sample/cmake-build-debug/CMakeFiles/CMakeTmp/CheckSymbolExists.c
Linking C executable cmTC_385dc
/home/xcy/clion-2018.3/bin/cmake/linux/bin/cmake -E cmake_link_script CMakeFiles/cmTC_385dc.dir/link.txt --verbose=1
/usr/bin/cc      -rdynamic CMakeFiles/cmTC_385dc.dir/CheckSymbolExists.c.o  -o cmTC_385dc 
CMakeFiles/cmTC_385dc.dir/CheckSymbolExists.c.o：在函数‘main’中：
CheckSymbolExists.c:(.text+0x16)：对‘pthread_create’未定义的引用
collect2: error: ld returned 1 exit status
CMakeFiles/cmTC_385dc.dir/build.make:86: recipe for target 'cmTC_385dc' failed
make[1]: *** [cmTC_385dc] Error 1
make[1]: Leaving directory '/home/xcy/MYNT-EYE-OKVIS-Sample/cmake-build-debug/CMakeFiles/CMakeTmp'
Makefile:121: recipe for target 'cmTC_385dc/fast' failed
make: *** [cmTC_385dc/fast] Error 2

File /home/xcy/MYNT-EYE-OKVIS-Sample/cmake-build-debug/CMakeFiles/CMakeTmp/CheckSymbolExists.c:
/* */
#include <pthread.h>

int main(int argc, char** argv)
{
  (void)argv;
#ifndef pthread_create
  return ((int*)(&pthread_create))[argc];
#else
  (void)argc;
  return 0;
#endif
}

Determining if the function pthread_create exists in the pthreads failed with the following output:
Change Dir: /home/xcy/MYNT-EYE-OKVIS-Sample/cmake-build-debug/CMakeFiles/CMakeTmp

Run Build Command:"/usr/bin/make" "cmTC_ecee8/fast"
/usr/bin/make -f CMakeFiles/cmTC_ecee8.dir/build.make CMakeFiles/cmTC_ecee8.dir/build
make[1]: Entering directory '/home/xcy/MYNT-EYE-OKVIS-Sample/cmake-build-debug/CMakeFiles/CMakeTmp'
Building C object CMakeFiles/cmTC_ecee8.dir/CheckFunctionExists.c.o
/usr/bin/cc   -DCHECK_FUNCTION_EXISTS=pthread_create   -o CMakeFiles/cmTC_ecee8.dir/CheckFunctionExists.c.o   -c /home/xcy/clion-2018.3/bin/cmake/linux/share/cmake-3.12/Modules/CheckFunctionExists.c
Linking C executable cmTC_ecee8
/home/xcy/clion-2018.3/bin/cmake/linux/bin/cmake -E cmake_link_script CMakeFiles/cmTC_ecee8.dir/link.txt --verbose=1
/usr/bin/cc  -DCHECK_FUNCTION_EXISTS=pthread_create    -rdynamic CMakeFiles/cmTC_ecee8.dir/CheckFunctionExists.c.o  -o cmTC_ecee8 -lpthreads 
/usr/bin/ld: 找不到 -lpthreads
collect2: error: ld returned 1 exit status
CMakeFiles/cmTC_ecee8.dir/build.make:86: recipe for target 'cmTC_ecee8' failed
make[1]: *** [cmTC_ecee8] Error 1
make[1]: Leaving directory '/home/xcy/MYNT-EYE-OKVIS-Sample/cmake-build-debug/CMakeFiles/CMakeTmp'
Makefile:121: recipe for target 'cmTC_ecee8/fast' failed
make: *** [cmTC_ecee8/fast] Error 2


